TN:
SF:src\utils.js
FN:20,calcularPromedio
FN:32,esAprobado
FN:43,colorNota
FN:52,agruparNotasPorAsignatura
FN:76,calcularPorcentajeAsistencia
FN:89,estadoAsistencia
FN:100,colorAsistencia
FN:111,contarPorEstado
FN:129,getTituloPage
FN:157,estaAutenticado
FN:167,buildLoginPayload
FN:176,buildUserFromResponse
FN:193,getIniciales
FNF:13
FNH:13
FNDA:6,calcularPromedio
FNDA:5,esAprobado
FNDA:4,colorNota
FNDA:5,agruparNotasPorAsignatura
FNDA:7,calcularPorcentajeAsistencia
FNDA:9,estadoAsistencia
FNDA:6,colorAsistencia
FNDA:4,contarPorEstado
FNDA:8,getTituloPage
FNDA:5,estaAutenticado
FNDA:2,buildLoginPayload
FNDA:2,buildUserFromResponse
FNDA:4,getIniciales
DA:1,1
DA:2,1
DA:3,1
DA:4,1
DA:5,1
DA:6,1
DA:8,1
DA:9,1
DA:11,1
DA:12,1
DA:13,1
DA:15,1
DA:16,1
DA:17,1
DA:18,1
DA:19,1
DA:20,1
DA:21,6
DA:22,4
DA:23,4
DA:24,4
DA:26,1
DA:27,1
DA:28,1
DA:29,1
DA:30,1
DA:31,1
DA:32,1
DA:33,5
DA:34,5
DA:36,1
DA:37,1
DA:38,1
DA:39,1
DA:40,1
DA:41,1
DA:42,1
DA:43,1
DA:44,4
DA:45,4
DA:47,1
DA:48,1
DA:49,1
DA:50,1
DA:51,1
DA:52,1
DA:53,5
DA:54,3
DA:55,3
DA:56,5
DA:57,5
DA:58,5
DA:59,3
DA:60,3
DA:61,4
DA:62,4
DA:63,3
DA:64,3
DA:66,1
DA:67,1
DA:68,1
DA:70,1
DA:71,1
DA:72,1
DA:73,1
DA:74,1
DA:75,1
DA:76,1
DA:77,7
DA:78,5
DA:79,5
DA:80,5
DA:81,5
DA:82,5
DA:84,1
DA:85,1
DA:86,1
DA:87,1
DA:88,1
DA:89,1
DA:90,9
DA:91,9
DA:92,3
DA:93,3
DA:95,1
DA:96,1
DA:97,1
DA:98,1
DA:99,1
DA:100,1
DA:101,6
DA:102,6
DA:103,2
DA:104,2
DA:106,1
DA:107,1
DA:108,1
DA:109,1
DA:110,1
DA:111,1
DA:112,4
DA:113,4
DA:114,3
DA:115,6
DA:116,3
DA:117,3
DA:118,3
DA:120,1
DA:121,1
DA:122,1
DA:124,1
DA:125,1
DA:126,1
DA:127,1
DA:128,1
DA:129,1
DA:130,8
DA:131,8
DA:132,8
DA:133,8
DA:134,8
DA:135,8
DA:136,8
DA:137,8
DA:138,8
DA:139,8
DA:140,8
DA:141,8
DA:142,8
DA:143,8
DA:144,8
DA:145,8
DA:146,8
DA:148,1
DA:149,1
DA:150,1
DA:152,1
DA:153,1
DA:154,1
DA:155,1
DA:156,1
DA:157,1
DA:158,5
DA:159,5
DA:161,1
DA:162,1
DA:163,1
DA:164,1
DA:165,1
DA:166,1
DA:167,1
DA:168,2
DA:169,2
DA:171,1
DA:172,1
DA:173,1
DA:174,1
DA:175,1
DA:176,1
DA:177,2
DA:178,2
DA:179,2
DA:180,2
DA:181,2
DA:182,2
DA:183,2
DA:184,2
DA:185,2
DA:187,1
DA:188,1
DA:189,1
DA:190,1
DA:191,1
DA:192,1
DA:193,1
DA:194,4
DA:195,2
DA:196,2
LF:178
LH:178
BRDA:20,0,0,6
BRDA:21,1,0,5
BRDA:21,2,0,2
BRDA:21,3,0,4
BRDA:22,4,0,8
BRDA:32,5,0,5
BRDA:43,6,0,4
BRDA:44,7,0,2
BRDA:44,8,0,2
BRDA:52,9,0,5
BRDA:53,10,0,4
BRDA:53,11,0,2
BRDA:53,12,0,3
BRDA:55,13,0,5
BRDA:56,14,0,2
BRDA:56,15,0,1
BRDA:57,16,0,4
BRDA:60,17,0,4
BRDA:62,18,0,5
BRDA:76,19,0,7
BRDA:77,20,0,6
BRDA:77,21,0,2
BRDA:77,22,0,5
BRDA:79,23,0,12
BRDA:79,24,0,7
BRDA:89,25,0,9
BRDA:90,26,0,3
BRDA:90,27,0,6
BRDA:91,28,0,3
BRDA:100,29,0,6
BRDA:101,30,0,2
BRDA:101,31,0,4
BRDA:102,32,0,2
BRDA:111,33,0,4
BRDA:113,34,0,1
BRDA:113,35,0,3
BRDA:114,36,0,6
BRDA:115,37,0,5
BRDA:129,38,0,8
BRDA:145,39,0,2
BRDA:157,40,0,5
BRDA:158,41,0,4
BRDA:158,42,0,2
BRDA:167,43,0,2
BRDA:176,44,0,2
BRDA:193,45,0,4
BRDA:194,46,0,2
BRDA:194,47,0,2
BRF:48
BRH:48
end_of_record
TN:
SF:src\context\AuthContext.jsx
FN:6,AuthProvider
FN:63,useAuth
FNF:2
FNH:0
FNDA:0,AuthProvider
FNDA:0,useAuth
DA:1,1
DA:4,1
DA:6,1
DA:7,0
DA:8,0
DA:9,0
DA:11,0
DA:12,0
DA:13,0
DA:15,0
DA:16,0
DA:17,0
DA:18,0
DA:19,0
DA:20,0
DA:22,0
DA:23,0
DA:24,0
DA:25,0
DA:26,0
DA:28,0
DA:29,0
DA:30,0
DA:31,0
DA:32,0
DA:33,0
DA:34,0
DA:35,0
DA:37,0
DA:38,0
DA:39,0
DA:40,0
DA:41,0
DA:42,0
DA:44,0
DA:45,0
DA:46,0
DA:47,0
DA:48,0
DA:49,0
DA:50,0
DA:52,0
DA:53,0
DA:54,0
DA:56,0
DA:57,0
DA:58,0
DA:59,0
DA:61,0
DA:63,1
LF:50
LH:4
BRF:0
BRH:0
end_of_record
TN:
SF:src\hooks\useToast.jsx
FN:1,(empty-report)
FNF:1
FNH:0
FNDA:0,(empty-report)
DA:1,0
DA:3,0
DA:4,0
DA:5,0
DA:6,0
DA:7,0
DA:9,0
DA:10,0
DA:12,0
DA:13,0
DA:14,0
DA:15,0
DA:17,0
DA:18,0
DA:19,0
DA:20,0
DA:22,0
DA:23,0
DA:24,0
DA:25,0
DA:26,0
DA:27,0
DA:28,0
DA:29,0
DA:30,0
DA:31,0
DA:33,0
DA:35,0
DA:37,0
DA:38,0
DA:40,0
DA:41,0
DA:42,0
DA:43,0
DA:45,0
DA:46,0
DA:47,0
DA:48,0
DA:50,0
DA:51,0
DA:52,0
DA:53,0
DA:54,0
DA:55,0
DA:56,0
DA:57,0
DA:58,0
DA:59,0
DA:60,0
DA:61,0
DA:63,0
DA:65,0
DA:66,0
DA:67,0
DA:68,0
DA:69,0
DA:70,0
DA:71,0
LF:58
LH:0
BRDA:1,0,0,0
BRF:1
BRH:0
end_of_record
TN:
SF:src\services\api.js
FN:3,api
FNF:1
FNH:1
FNDA:2,api
DA:1,1
DA:3,1
DA:4,2
DA:5,2
DA:6,2
DA:7,2
DA:9,2
DA:10,2
DA:11,1
DA:12,1
DA:14,2
DA:15,2
DA:16,2
DA:17,2
DA:18,2
DA:19,2
DA:20,0
DA:21,0
DA:23,2
DA:24,1
DA:25,1
DA:26,1
DA:28,1
DA:29,1
LF:24
LH:22
BRDA:3,0,0,2
BRDA:10,1,0,1
BRDA:19,2,0,0
BRDA:23,3,0,1
BRF:4
BRH:3
end_of_record
TN:
SF:src\utils\calculations.js
FN:1,(empty-report)
FNF:1
FNH:0
FNDA:0,(empty-report)
DA:1,0
DA:2,0
DA:3,0
DA:4,0
DA:6,0
DA:10,0
DA:11,0
DA:12,0
DA:14,0
DA:15,0
DA:16,0
DA:17,0
DA:18,0
DA:19,0
DA:20,0
DA:21,0
DA:22,0
DA:23,0
DA:25,0
DA:26,0
DA:27,0
DA:28,0
DA:29,0
DA:30,0
DA:31,0
DA:32,0
DA:33,0
DA:35,0
DA:36,0
DA:37,0
DA:38,0
DA:39,0
DA:40,0
DA:41,0
DA:42,0
DA:43,0
DA:44,0
DA:46,0
DA:47,0
DA:48,0
DA:49,0
DA:50,0
DA:51,0
DA:52,0
DA:53,0
DA:54,0
DA:55,0
DA:56,0
DA:57,0
DA:58,0
DA:59,0
DA:60,0
DA:61,0
DA:62,0
DA:63,0
DA:65,0
DA:66,0
DA:67,0
DA:69,0
DA:70,0
DA:71,0
DA:72,0
DA:73,0
DA:74,0
DA:75,0
DA:76,0
DA:77,0
DA:78,0
DA:79,0
DA:80,0
DA:81,0
DA:83,0
DA:84,0
DA:85,0
DA:86,0
DA:87,0
DA:88,0
DA:89,0
DA:90,0
DA:91,0
DA:92,0
DA:94,0
DA:95,0
DA:96,0
DA:97,0
DA:98,0
DA:99,0
DA:100,0
DA:101,0
DA:102,0
DA:103,0
DA:105,0
DA:106,0
DA:107,0
DA:108,0
DA:109,0
DA:110,0
DA:111,0
DA:112,0
DA:113,0
DA:114,0
DA:115,0
DA:116,0
DA:117,0
DA:119,0
DA:120,0
DA:121,0
DA:123,0
DA:124,0
DA:125,0
DA:126,0
DA:127,0
DA:128,0
DA:129,0
DA:130,0
DA:131,0
DA:132,0
DA:133,0
DA:134,0
DA:135,0
DA:136,0
DA:137,0
DA:138,0
DA:139,0
DA:140,0
DA:141,0
DA:142,0
DA:143,0
DA:144,0
DA:145,0
DA:147,0
DA:148,0
DA:149,0
DA:151,0
DA:152,0
DA:153,0
DA:154,0
DA:155,0
DA:156,0
DA:157,0
DA:158,0
DA:160,0
DA:161,0
DA:162,0
DA:163,0
DA:164,0
DA:165,0
DA:166,0
DA:167,0
DA:168,0
DA:170,0
DA:171,0
DA:172,0
DA:173,0
DA:174,0
DA:175,0
DA:176,0
DA:177,0
DA:178,0
DA:179,0
DA:180,0
DA:181,0
DA:182,0
DA:183,0
DA:184,0
DA:186,0
DA:187,0
DA:188,0
DA:189,0
DA:190,0
DA:191,0
DA:192,0
DA:193,0
DA:194,0
DA:195,0
LF:175
LH:0
BRDA:1,0,0,0
BRF:1
BRH:0
end_of_record
