TN:
SF:src\utils.js
FN:20,calcularPromedio
FN:22,(anonymous_1)
FN:32,esAprobado
FN:43,colorNota
FN:52,agruparNotasPorAsignatura
FN:55,(anonymous_5)
FN:60,(anonymous_6)
FN:62,(anonymous_7)
FN:76,calcularPorcentajeAsistencia
FN:79,(anonymous_9)
FN:89,estadoAsistencia
FN:100,colorAsistencia
FN:111,contarPorEstado
FN:114,(anonymous_13)
FN:129,getTituloPage
FN:157,estaAutenticado
FN:167,buildLoginPayload
FN:176,buildUserFromResponse
FN:193,getIniciales
FNF:19
FNH:19
FNDA:6,calcularPromedio
FNDA:8,(anonymous_1)
FNDA:5,esAprobado
FNDA:4,colorNota
FNDA:5,agruparNotasPorAsignatura
FNDA:5,(anonymous_5)
FNDA:4,(anonymous_6)
FNDA:5,(anonymous_7)
FNDA:7,calcularPorcentajeAsistencia
FNDA:12,(anonymous_9)
FNDA:9,estadoAsistencia
FNDA:6,colorAsistencia
FNDA:4,contarPorEstado
FNDA:6,(anonymous_13)
FNDA:8,getTituloPage
FNDA:5,estaAutenticado
FNDA:2,buildLoginPayload
FNDA:2,buildUserFromResponse
FNDA:4,getIniciales
DA:9,1
DA:21,6
DA:22,8
DA:23,4
DA:33,5
DA:44,4
DA:53,5
DA:54,3
DA:55,3
DA:56,5
DA:57,5
DA:58,5
DA:60,4
DA:62,5
DA:77,7
DA:78,5
DA:79,12
DA:81,5
DA:90,9
DA:91,6
DA:92,3
DA:101,6
DA:102,4
DA:103,2
DA:112,4
DA:113,4
DA:114,3
DA:115,6
DA:117,3
DA:130,8
DA:145,8
DA:158,5
DA:168,2
DA:177,2
DA:194,4
DA:195,2
LF:36
LH:36
BRDA:9,0,0,1
BRDA:9,0,1,1
BRDA:21,1,0,2
BRDA:21,1,1,4
BRDA:21,2,0,6
BRDA:21,2,1,5
BRDA:44,3,0,2
BRDA:44,3,1,2
BRDA:53,4,0,2
BRDA:53,4,1,3
BRDA:53,5,0,5
BRDA:53,5,1,4
BRDA:56,6,0,5
BRDA:56,6,1,2
BRDA:56,6,2,1
BRDA:57,7,0,4
BRDA:57,7,1,1
BRDA:77,8,0,2
BRDA:77,8,1,5
BRDA:77,9,0,7
BRDA:77,9,1,6
BRDA:79,10,0,12
BRDA:79,10,1,7
BRDA:90,11,0,3
BRDA:90,11,1,6
BRDA:91,12,0,3
BRDA:91,12,1,3
BRDA:101,13,0,2
BRDA:101,13,1,4
BRDA:102,14,0,2
BRDA:102,14,1,2
BRDA:113,15,0,1
BRDA:113,15,1,3
BRDA:115,16,0,5
BRDA:115,16,1,1
BRDA:145,17,0,8
BRDA:145,17,1,2
BRDA:158,18,0,5
BRDA:158,18,1,2
BRDA:194,19,0,2
BRDA:194,19,1,2
BRDA:194,20,0,4
BRDA:194,20,1,2
BRF:43
BRH:43
end_of_record
